2022-07-11 19:43:01.516  INFO 1856 --- [main] com.example.BookMyShowApplication        : Starting BookMyShowApplication using Java 17.0.1 on DESKTOP-O8QUISG with PID 1856 (D:\BookMyShow\target\classes started by Dell in D:\BookMyShow)
2022-07-11 19:43:01.521  INFO 1856 --- [main] com.example.BookMyShowApplication        : No active profile set, falling back to 1 default profile: "default"
2022-07-11 19:43:02.800  INFO 1856 --- [main] .s.d.r.c.RepositoryConfigurationDelegate : Bootstrapping Spring Data JPA repositories in DEFAULT mode.
2022-07-11 19:43:02.905  INFO 1856 --- [main] .s.d.r.c.RepositoryConfigurationDelegate : Finished Spring Data repository scanning in 90 ms. Found 7 JPA repository interfaces.
2022-07-11 19:43:03.531  INFO 1856 --- [main] o.s.b.w.embedded.tomcat.TomcatWebServer  : Tomcat initialized with port(s): 8080 (http)
2022-07-11 19:43:03.550  INFO 1856 --- [main] o.apache.catalina.core.StandardService   : Starting service [Tomcat]
2022-07-11 19:43:03.551  INFO 1856 --- [main] org.apache.catalina.core.StandardEngine  : Starting Servlet engine: [Apache Tomcat/9.0.58]
2022-07-11 19:43:03.683  INFO 1856 --- [main] o.a.c.c.C.[Tomcat].[localhost].[/]       : Initializing Spring embedded WebApplicationContext
2022-07-11 19:43:03.683  INFO 1856 --- [main] w.s.c.ServletWebServerApplicationContext : Root WebApplicationContext: initialization completed in 2090 ms
2022-07-11 19:43:03.849  INFO 1856 --- [main] o.hibernate.jpa.internal.util.LogHelper  : HHH000204: Processing PersistenceUnitInfo [name: default]
2022-07-11 19:43:03.930  INFO 1856 --- [main] org.hibernate.Version                    : HHH000412: Hibernate ORM core version 5.6.5.Final
2022-07-11 19:43:04.154  INFO 1856 --- [main] o.hibernate.annotations.common.Version   : HCANN000001: Hibernate Commons Annotations {5.1.2.Final}
2022-07-11 19:43:04.278  INFO 1856 --- [main] com.zaxxer.hikari.HikariDataSource       : HikariPool-1 - Starting...
2022-07-11 19:43:05.052  INFO 1856 --- [main] com.zaxxer.hikari.HikariDataSource       : HikariPool-1 - Start completed.
2022-07-11 19:43:05.121  INFO 1856 --- [main] org.hibernate.dialect.Dialect            : HHH000400: Using dialect: org.hibernate.dialect.PostgreSQL10Dialect
2022-07-11 19:43:06.628  INFO 1856 --- [main] o.h.e.t.j.p.i.JtaPlatformInitiator       : HHH000490: Using JtaPlatform implementation: [org.hibernate.engine.transaction.jta.platform.internal.NoJtaPlatform]
2022-07-11 19:43:06.636  INFO 1856 --- [main] j.LocalContainerEntityManagerFactoryBean : Initialized JPA EntityManagerFactory for persistence unit 'default'
2022-07-11 19:43:07.186  WARN 1856 --- [main] JpaBaseConfiguration$JpaWebConfiguration : spring.jpa.open-in-view is enabled by default. Therefore, database queries may be performed during view rendering. Explicitly configure spring.jpa.open-in-view to disable this warning
2022-07-11 19:43:07.548  INFO 1856 --- [main] o.s.b.w.embedded.tomcat.TomcatWebServer  : Tomcat started on port(s): 8080 (http) with context path ''
2022-07-11 19:43:07.557  INFO 1856 --- [main] com.example.BookMyShowApplication        : Started BookMyShowApplication in 6.656 seconds (JVM running for 7.572)
2022-07-11 19:51:55.210  INFO 15168 --- [main] com.example.BookMyShowApplication        : Starting BookMyShowApplication using Java 17.0.1 on DESKTOP-O8QUISG with PID 15168 (D:\BookMyShow\target\classes started by Dell in D:\BookMyShow)
2022-07-11 19:51:55.215  INFO 15168 --- [main] com.example.BookMyShowApplication        : No active profile set, falling back to 1 default profile: "default"
2022-07-11 19:51:56.358  INFO 15168 --- [main] .s.d.r.c.RepositoryConfigurationDelegate : Bootstrapping Spring Data JPA repositories in DEFAULT mode.
2022-07-11 19:51:56.428  INFO 15168 --- [main] .s.d.r.c.RepositoryConfigurationDelegate : Finished Spring Data repository scanning in 59 ms. Found 7 JPA repository interfaces.
2022-07-11 19:51:57.162  INFO 15168 --- [main] o.s.b.w.embedded.tomcat.TomcatWebServer  : Tomcat initialized with port(s): 8080 (http)
2022-07-11 19:51:57.177  INFO 15168 --- [main] o.apache.catalina.core.StandardService   : Starting service [Tomcat]
2022-07-11 19:51:57.178  INFO 15168 --- [main] org.apache.catalina.core.StandardEngine  : Starting Servlet engine: [Apache Tomcat/9.0.58]
2022-07-11 19:51:57.329  INFO 15168 --- [main] o.a.c.c.C.[Tomcat].[localhost].[/]       : Initializing Spring embedded WebApplicationContext
2022-07-11 19:51:57.330  INFO 15168 --- [main] w.s.c.ServletWebServerApplicationContext : Root WebApplicationContext: initialization completed in 2053 ms
2022-07-11 19:51:57.564  INFO 15168 --- [main] o.hibernate.jpa.internal.util.LogHelper  : HHH000204: Processing PersistenceUnitInfo [name: default]
2022-07-11 19:51:57.655  INFO 15168 --- [main] org.hibernate.Version                    : HHH000412: Hibernate ORM core version 5.6.5.Final
2022-07-11 19:51:57.935  INFO 15168 --- [main] o.hibernate.annotations.common.Version   : HCANN000001: Hibernate Commons Annotations {5.1.2.Final}
2022-07-11 19:51:58.062  INFO 15168 --- [main] com.zaxxer.hikari.HikariDataSource       : HikariPool-1 - Starting...
2022-07-11 19:51:58.293  INFO 15168 --- [main] com.zaxxer.hikari.HikariDataSource       : HikariPool-1 - Start completed.
2022-07-11 19:51:58.328  INFO 15168 --- [main] org.hibernate.dialect.Dialect            : HHH000400: Using dialect: org.hibernate.dialect.PostgreSQL10Dialect
2022-07-11 19:51:59.569  INFO 15168 --- [main] o.h.e.t.j.p.i.JtaPlatformInitiator       : HHH000490: Using JtaPlatform implementation: [org.hibernate.engine.transaction.jta.platform.internal.NoJtaPlatform]
2022-07-11 19:51:59.575  INFO 15168 --- [main] j.LocalContainerEntityManagerFactoryBean : Initialized JPA EntityManagerFactory for persistence unit 'default'
2022-07-11 19:52:00.068  WARN 15168 --- [main] JpaBaseConfiguration$JpaWebConfiguration : spring.jpa.open-in-view is enabled by default. Therefore, database queries may be performed during view rendering. Explicitly configure spring.jpa.open-in-view to disable this warning
2022-07-11 19:52:00.400  WARN 15168 --- [main] ConfigServletWebServerApplicationContext : Exception encountered during context initialization - cancelling refresh attempt: org.springframework.context.ApplicationContextException: Failed to start bean 'webServerStartStop'; nested exception is org.springframework.boot.web.server.PortInUseException: Port 8080 is already in use
2022-07-11 19:52:00.406  INFO 15168 --- [main] j.LocalContainerEntityManagerFactoryBean : Closing JPA EntityManagerFactory for persistence unit 'default'
2022-07-11 19:52:00.408  INFO 15168 --- [main] com.zaxxer.hikari.HikariDataSource       : HikariPool-1 - Shutdown initiated...
2022-07-11 19:52:00.411  INFO 15168 --- [main] com.zaxxer.hikari.HikariDataSource       : HikariPool-1 - Shutdown completed.
2022-07-11 19:52:00.415  INFO 15168 --- [main] o.apache.catalina.core.StandardService   : Stopping service [Tomcat]
2022-07-11 19:52:00.427  INFO 15168 --- [main] ConditionEvaluationReportLoggingListener : 

Error starting ApplicationContext. To display the conditions report re-run your application with 'debug' enabled.
2022-07-11 19:52:00.452 ERROR 15168 --- [main] o.s.b.d.LoggingFailureAnalysisReporter   : 

***************************
APPLICATION FAILED TO START
***************************

Description:

Web server failed to start. Port 8080 was already in use.

Action:

Identify and stop the process that's listening on port 8080 or configure this application to listen on another port.

2022-07-11 19:59:40.677  INFO 2500 --- [main] com.example.BookMyShowApplication        : Starting BookMyShowApplication using Java 17.0.1 on DESKTOP-O8QUISG with PID 2500 (D:\BookMyShow\target\classes started by Dell in D:\BookMyShow)
2022-07-11 19:59:40.683  INFO 2500 --- [main] com.example.BookMyShowApplication        : No active profile set, falling back to 1 default profile: "default"
2022-07-11 19:59:41.591  INFO 2500 --- [main] .s.d.r.c.RepositoryConfigurationDelegate : Bootstrapping Spring Data JPA repositories in DEFAULT mode.
2022-07-11 19:59:41.656  INFO 2500 --- [main] .s.d.r.c.RepositoryConfigurationDelegate : Finished Spring Data repository scanning in 55 ms. Found 7 JPA repository interfaces.
2022-07-11 19:59:42.242  INFO 2500 --- [main] o.s.b.w.embedded.tomcat.TomcatWebServer  : Tomcat initialized with port(s): 8080 (http)
2022-07-11 19:59:42.259  INFO 2500 --- [main] o.apache.catalina.core.StandardService   : Starting service [Tomcat]
2022-07-11 19:59:42.259  INFO 2500 --- [main] org.apache.catalina.core.StandardEngine  : Starting Servlet engine: [Apache Tomcat/9.0.58]
2022-07-11 19:59:42.377  INFO 2500 --- [main] o.a.c.c.C.[Tomcat].[localhost].[/]       : Initializing Spring embedded WebApplicationContext
2022-07-11 19:59:42.378  INFO 2500 --- [main] w.s.c.ServletWebServerApplicationContext : Root WebApplicationContext: initialization completed in 1630 ms
2022-07-11 19:59:42.515  INFO 2500 --- [main] o.hibernate.jpa.internal.util.LogHelper  : HHH000204: Processing PersistenceUnitInfo [name: default]
2022-07-11 19:59:42.592  INFO 2500 --- [main] org.hibernate.Version                    : HHH000412: Hibernate ORM core version 5.6.5.Final
2022-07-11 19:59:42.795  INFO 2500 --- [main] o.hibernate.annotations.common.Version   : HCANN000001: Hibernate Commons Annotations {5.1.2.Final}
2022-07-11 19:59:42.896  INFO 2500 --- [main] com.zaxxer.hikari.HikariDataSource       : HikariPool-1 - Starting...
2022-07-11 19:59:43.112  INFO 2500 --- [main] com.zaxxer.hikari.HikariDataSource       : HikariPool-1 - Start completed.
2022-07-11 19:59:43.145  INFO 2500 --- [main] org.hibernate.dialect.Dialect            : HHH000400: Using dialect: org.hibernate.dialect.PostgreSQL10Dialect
2022-07-11 19:59:44.347  INFO 2500 --- [main] o.h.e.t.j.p.i.JtaPlatformInitiator       : HHH000490: Using JtaPlatform implementation: [org.hibernate.engine.transaction.jta.platform.internal.NoJtaPlatform]
2022-07-11 19:59:44.357  INFO 2500 --- [main] j.LocalContainerEntityManagerFactoryBean : Initialized JPA EntityManagerFactory for persistence unit 'default'
2022-07-11 19:59:44.808  WARN 2500 --- [main] JpaBaseConfiguration$JpaWebConfiguration : spring.jpa.open-in-view is enabled by default. Therefore, database queries may be performed during view rendering. Explicitly configure spring.jpa.open-in-view to disable this warning
2022-07-11 19:59:45.112  WARN 2500 --- [main] ConfigServletWebServerApplicationContext : Exception encountered during context initialization - cancelling refresh attempt: org.springframework.context.ApplicationContextException: Failed to start bean 'webServerStartStop'; nested exception is org.springframework.boot.web.server.PortInUseException: Port 8080 is already in use
2022-07-11 19:59:45.115  INFO 2500 --- [main] j.LocalContainerEntityManagerFactoryBean : Closing JPA EntityManagerFactory for persistence unit 'default'
2022-07-11 19:59:45.116  INFO 2500 --- [main] com.zaxxer.hikari.HikariDataSource       : HikariPool-1 - Shutdown initiated...
2022-07-11 19:59:45.119  INFO 2500 --- [main] com.zaxxer.hikari.HikariDataSource       : HikariPool-1 - Shutdown completed.
2022-07-11 19:59:45.122  INFO 2500 --- [main] o.apache.catalina.core.StandardService   : Stopping service [Tomcat]
2022-07-11 19:59:45.132  INFO 2500 --- [main] ConditionEvaluationReportLoggingListener : 

Error starting ApplicationContext. To display the conditions report re-run your application with 'debug' enabled.
2022-07-11 19:59:45.148 ERROR 2500 --- [main] o.s.b.d.LoggingFailureAnalysisReporter   : 

***************************
APPLICATION FAILED TO START
***************************

Description:

Web server failed to start. Port 8080 was already in use.

Action:

Identify and stop the process that's listening on port 8080 or configure this application to listen on another port.

2022-07-11 20:03:18.959  INFO 1856 --- [RMI TCP Connection(15)-127.0.0.1] inMXBeanRegistrar$SpringApplicationAdmin : Application shutdown requested.
2022-07-11 20:03:18.982  INFO 1856 --- [RMI TCP Connection(15)-127.0.0.1] j.LocalContainerEntityManagerFactoryBean : Closing JPA EntityManagerFactory for persistence unit 'default'
2022-07-11 20:03:18.984  INFO 1856 --- [RMI TCP Connection(15)-127.0.0.1] com.zaxxer.hikari.HikariDataSource       : HikariPool-1 - Shutdown initiated...
2022-07-11 20:03:18.987  INFO 1856 --- [RMI TCP Connection(15)-127.0.0.1] com.zaxxer.hikari.HikariDataSource       : HikariPool-1 - Shutdown completed.
